[0.050s] Invoking command in '/open-rmf_ws/build/turtlesim': CMAKE_PREFIX_PATH=/rmf_demos_ws/install/rmf_workcell_msgs:/rmf_demos_ws/install/rmf_demos_gz_classic:/rmf_demos_ws/install/rmf_demos_gz:/rmf_demos_ws/install/rmf_demos:/rmf_demos_ws/install/rmf_fleet_adapter_python:/rmf_demos_ws/install/rmf_fleet_adapter:/rmf_demos_ws/install/rmf_task_ros2:/rmf_demos_ws/install/rmf_websocket:/rmf_demos_ws/install/rmf_visualization:/rmf_demos_ws/install/rmf_visualization_schedule:/rmf_demos_ws/install/rmf_visualization_rviz2_plugins:/rmf_demos_ws/install/rmf_visualization_obstacles:/rmf_demos_ws/install/rmf_visualization_navgraphs:/rmf_demos_ws/install/rmf_visualization_floorplans:/rmf_demos_ws/install/rmf_visualization_fleet_states:/rmf_demos_ws/install/rmf_visualization_msgs:/rmf_demos_ws/install/rmf_traffic_ros2:/rmf_demos_ws/install/rmf_task_sequence:/rmf_demos_ws/install/rmf_task:/rmf_demos_ws/install/rmf_battery:/rmf_demos_ws/install/rmf_traffic:/rmf_demos_ws/install/rmf_utils:/rmf_demos_ws/install/rmf_traffic_msgs:/rmf_demos_ws/install/rmf_traffic_editor_test_maps:/rmf_demos_ws/install/rmf_traffic_editor:/rmf_demos_ws/install/rmf_task_msgs:/rmf_demos_ws/install/rmf_site_map_msgs:/rmf_demos_ws/install/rmf_scheduler_msgs:/rmf_demos_ws/install/rmf_robot_sim_gz_plugins:/rmf_demos_ws/install/rmf_robot_sim_gz_classic_plugins:/rmf_demos_ws/install/rmf_robot_sim_common:/rmf_demos_ws/install/rmf_obstacle_msgs:/rmf_demos_ws/install/rmf_building_sim_gz_plugins:/rmf_demos_ws/install/rmf_building_sim_gz_classic_plugins:/rmf_demos_ws/install/rmf_building_sim_common:/rmf_demos_ws/install/rmf_lift_msgs:/rmf_demos_ws/install/rmf_ingestor_msgs:/rmf_demos_ws/install/rmf_fleet_msgs:/rmf_demos_ws/install/rmf_door_msgs:/rmf_demos_ws/install/rmf_dispenser_msgs:/rmf_demos_ws/install/rmf_demos_maps:/rmf_demos_ws/install/rmf_demos_dashboard_resources:/rmf_demos_ws/install/rmf_demos_assets:/rmf_demos_ws/install/rmf_charger_msgs:/rmf_demos_ws/install/rmf_building_map_msgs:/rmf_demos_ws/install/rmf_api_msgs:/rmf_demos_ws/install/pybind11_json_vendor:/rmf_demos_ws/install/nlohmann_json_schema_validator_vendor:/rmf_demos_ws/install/rmf_demos_fleet_adapter:/rmf_demos_ws/install/rmf_visualization_building_systems:/rmf_demos_ws/install/rmf_traffic_examples:/rmf_demos_ws/install/rmf_demos_bridges:/rmf_demos_ws/install/rmf_traffic_editor_assets:/rmf_demos_ws/install/rmf_demos_tasks:/rmf_demos_ws/install/rmf_demos_panel:/rmf_demos_ws/install/rmf_building_map_tools:/rmf_demos_ws/install/rmf_charging_schedule:/opt/ros/humble:/rmf_demos_ws/install/menge_vendor:/rmf_demos_ws/install/ament_cmake_catch2 /usr/bin/cmake /open-rmf_ws/src/ros_tutorials/turtlesim -DCMAKE_INSTALL_PREFIX=/open-rmf_ws/install/turtlesim
[0.253s] -- The C compiler identification is GNU 11.4.0
[0.462s] -- The CXX compiler identification is Clang 14.0.0
[0.470s] -- Detecting C compiler ABI info
[0.605s] -- Detecting C compiler ABI info - done
[0.651s] -- Check for working C compiler: /usr/bin/cc - skipped
[0.652s] -- Detecting C compile features
[0.653s] -- Detecting C compile features - done
[0.657s] -- Detecting CXX compiler ABI info
[0.896s] -- Detecting CXX compiler ABI info - done
[0.930s] -- Check for working CXX compiler: /usr/bin/c++ - skipped
[0.931s] -- Detecting CXX compile features
[0.934s] -- Detecting CXX compile features - done
[0.953s] -- Found ament_cmake: 1.3.9 (/opt/ros/humble/share/ament_cmake/cmake)
[1.229s] -- Found Python3: /usr/bin/python3 (found version "3.10.12") found components: Interpreter 
[1.651s] -- Found ament_index_cpp: 1.4.0 (/opt/ros/humble/share/ament_index_cpp/cmake)
[1.662s] -- Found geometry_msgs: 4.2.3 (/opt/ros/humble/share/geometry_msgs/cmake)
[1.855s] -- Found rosidl_generator_c: 3.1.5 (/opt/ros/humble/share/rosidl_generator_c/cmake)
[1.878s] -- Found rosidl_adapter: 3.1.5 (/opt/ros/humble/share/rosidl_adapter/cmake)
[1.906s] -- Found rosidl_generator_cpp: 3.1.5 (/opt/ros/humble/share/rosidl_generator_cpp/cmake)
[1.952s] -- Using all available rosidl_typesupport_c: rosidl_typesupport_fastrtps_c;rosidl_typesupport_introspection_c
[2.003s] -- Using all available rosidl_typesupport_cpp: rosidl_typesupport_fastrtps_cpp;rosidl_typesupport_introspection_cpp
[2.224s] -- Found rclcpp: 16.0.9 (/opt/ros/humble/share/rclcpp/cmake)
[2.429s] -- Found rmw_implementation_cmake: 6.1.2 (/opt/ros/humble/share/rmw_implementation_cmake/cmake)
[2.462s] -- Found rmw_fastrtps_cpp: 6.2.6 (/opt/ros/humble/share/rmw_fastrtps_cpp/cmake)
[2.861s] -- Found OpenSSL: /usr/lib/x86_64-linux-gnu/libcrypto.so (found version "3.0.2")  
[3.080s] -- Found FastRTPS: /opt/ros/humble/include  
[3.379s] -- Using RMW implementation 'rmw_fastrtps_cpp' as default
[3.474s] -- Looking for pthread.h
[3.712s] -- Looking for pthread.h - found
[3.712s] -- Performing Test CMAKE_HAVE_LIBC_PTHREAD
[4.268s] -- Performing Test CMAKE_HAVE_LIBC_PTHREAD - Success
[4.277s] -- Found Threads: TRUE  
[4.708s] -- Found rclcpp_action: 16.0.9 (/opt/ros/humble/share/rclcpp_action/cmake)
[4.954s] -- Found rosidl_default_generators: 1.2.0 (/opt/ros/humble/share/rosidl_default_generators/cmake)
[4.989s] -- Found std_srvs: 4.2.3 (/opt/ros/humble/share/std_srvs/cmake)
[5.715s] -- Found ament_cmake_ros: 0.10.0 (/opt/ros/humble/share/ament_cmake_ros/cmake)
[6.678s] -- Using all available rosidl_typesupport_c: rosidl_typesupport_fastrtps_c;rosidl_typesupport_introspection_c
[6.840s] -- Using all available rosidl_typesupport_cpp: rosidl_typesupport_fastrtps_cpp;rosidl_typesupport_introspection_cpp
[6.876s] -- Found PythonInterp: /usr/bin/python3 (found suitable version "3.10.12", minimum required is "3.6") 
[6.887s] -- Found python_cmake_module: 0.10.0 (/opt/ros/humble/share/python_cmake_module/cmake)
[6.917s] -- Found PythonLibs: /usr/lib/x86_64-linux-gnu/libpython3.10.so (found suitable version "3.10.12", minimum required is "3.5") 
[6.918s] -- Using PYTHON_EXECUTABLE: /usr/bin/python3
[6.918s] -- Using PYTHON_INCLUDE_DIRS: /usr/include/python3.10
[6.918s] -- Using PYTHON_LIBRARIES: /usr/lib/x86_64-linux-gnu/libpython3.10.so
[6.940s] -- Found PythonExtra: .so  
[7.153s] -- Configuring done
[7.406s] -- Generating done
[7.427s] -- Build files have been written to: /open-rmf_ws/build/turtlesim
[7.485s] Invoked command in '/open-rmf_ws/build/turtlesim' returned '0': CMAKE_PREFIX_PATH=/rmf_demos_ws/install/rmf_workcell_msgs:/rmf_demos_ws/install/rmf_demos_gz_classic:/rmf_demos_ws/install/rmf_demos_gz:/rmf_demos_ws/install/rmf_demos:/rmf_demos_ws/install/rmf_fleet_adapter_python:/rmf_demos_ws/install/rmf_fleet_adapter:/rmf_demos_ws/install/rmf_task_ros2:/rmf_demos_ws/install/rmf_websocket:/rmf_demos_ws/install/rmf_visualization:/rmf_demos_ws/install/rmf_visualization_schedule:/rmf_demos_ws/install/rmf_visualization_rviz2_plugins:/rmf_demos_ws/install/rmf_visualization_obstacles:/rmf_demos_ws/install/rmf_visualization_navgraphs:/rmf_demos_ws/install/rmf_visualization_floorplans:/rmf_demos_ws/install/rmf_visualization_fleet_states:/rmf_demos_ws/install/rmf_visualization_msgs:/rmf_demos_ws/install/rmf_traffic_ros2:/rmf_demos_ws/install/rmf_task_sequence:/rmf_demos_ws/install/rmf_task:/rmf_demos_ws/install/rmf_battery:/rmf_demos_ws/install/rmf_traffic:/rmf_demos_ws/install/rmf_utils:/rmf_demos_ws/install/rmf_traffic_msgs:/rmf_demos_ws/install/rmf_traffic_editor_test_maps:/rmf_demos_ws/install/rmf_traffic_editor:/rmf_demos_ws/install/rmf_task_msgs:/rmf_demos_ws/install/rmf_site_map_msgs:/rmf_demos_ws/install/rmf_scheduler_msgs:/rmf_demos_ws/install/rmf_robot_sim_gz_plugins:/rmf_demos_ws/install/rmf_robot_sim_gz_classic_plugins:/rmf_demos_ws/install/rmf_robot_sim_common:/rmf_demos_ws/install/rmf_obstacle_msgs:/rmf_demos_ws/install/rmf_building_sim_gz_plugins:/rmf_demos_ws/install/rmf_building_sim_gz_classic_plugins:/rmf_demos_ws/install/rmf_building_sim_common:/rmf_demos_ws/install/rmf_lift_msgs:/rmf_demos_ws/install/rmf_ingestor_msgs:/rmf_demos_ws/install/rmf_fleet_msgs:/rmf_demos_ws/install/rmf_door_msgs:/rmf_demos_ws/install/rmf_dispenser_msgs:/rmf_demos_ws/install/rmf_demos_maps:/rmf_demos_ws/install/rmf_demos_dashboard_resources:/rmf_demos_ws/install/rmf_demos_assets:/rmf_demos_ws/install/rmf_charger_msgs:/rmf_demos_ws/install/rmf_building_map_msgs:/rmf_demos_ws/install/rmf_api_msgs:/rmf_demos_ws/install/pybind11_json_vendor:/rmf_demos_ws/install/nlohmann_json_schema_validator_vendor:/rmf_demos_ws/install/rmf_demos_fleet_adapter:/rmf_demos_ws/install/rmf_visualization_building_systems:/rmf_demos_ws/install/rmf_traffic_examples:/rmf_demos_ws/install/rmf_demos_bridges:/rmf_demos_ws/install/rmf_traffic_editor_assets:/rmf_demos_ws/install/rmf_demos_tasks:/rmf_demos_ws/install/rmf_demos_panel:/rmf_demos_ws/install/rmf_building_map_tools:/rmf_demos_ws/install/rmf_charging_schedule:/opt/ros/humble:/rmf_demos_ws/install/menge_vendor:/rmf_demos_ws/install/ament_cmake_catch2 /usr/bin/cmake /open-rmf_ws/src/ros_tutorials/turtlesim -DCMAKE_INSTALL_PREFIX=/open-rmf_ws/install/turtlesim
[7.487s] Invoking command in '/open-rmf_ws/build/turtlesim': CMAKE_PREFIX_PATH=/rmf_demos_ws/install/rmf_workcell_msgs:/rmf_demos_ws/install/rmf_demos_gz_classic:/rmf_demos_ws/install/rmf_demos_gz:/rmf_demos_ws/install/rmf_demos:/rmf_demos_ws/install/rmf_fleet_adapter_python:/rmf_demos_ws/install/rmf_fleet_adapter:/rmf_demos_ws/install/rmf_task_ros2:/rmf_demos_ws/install/rmf_websocket:/rmf_demos_ws/install/rmf_visualization:/rmf_demos_ws/install/rmf_visualization_schedule:/rmf_demos_ws/install/rmf_visualization_rviz2_plugins:/rmf_demos_ws/install/rmf_visualization_obstacles:/rmf_demos_ws/install/rmf_visualization_navgraphs:/rmf_demos_ws/install/rmf_visualization_floorplans:/rmf_demos_ws/install/rmf_visualization_fleet_states:/rmf_demos_ws/install/rmf_visualization_msgs:/rmf_demos_ws/install/rmf_traffic_ros2:/rmf_demos_ws/install/rmf_task_sequence:/rmf_demos_ws/install/rmf_task:/rmf_demos_ws/install/rmf_battery:/rmf_demos_ws/install/rmf_traffic:/rmf_demos_ws/install/rmf_utils:/rmf_demos_ws/install/rmf_traffic_msgs:/rmf_demos_ws/install/rmf_traffic_editor_test_maps:/rmf_demos_ws/install/rmf_traffic_editor:/rmf_demos_ws/install/rmf_task_msgs:/rmf_demos_ws/install/rmf_site_map_msgs:/rmf_demos_ws/install/rmf_scheduler_msgs:/rmf_demos_ws/install/rmf_robot_sim_gz_plugins:/rmf_demos_ws/install/rmf_robot_sim_gz_classic_plugins:/rmf_demos_ws/install/rmf_robot_sim_common:/rmf_demos_ws/install/rmf_obstacle_msgs:/rmf_demos_ws/install/rmf_building_sim_gz_plugins:/rmf_demos_ws/install/rmf_building_sim_gz_classic_plugins:/rmf_demos_ws/install/rmf_building_sim_common:/rmf_demos_ws/install/rmf_lift_msgs:/rmf_demos_ws/install/rmf_ingestor_msgs:/rmf_demos_ws/install/rmf_fleet_msgs:/rmf_demos_ws/install/rmf_door_msgs:/rmf_demos_ws/install/rmf_dispenser_msgs:/rmf_demos_ws/install/rmf_demos_maps:/rmf_demos_ws/install/rmf_demos_dashboard_resources:/rmf_demos_ws/install/rmf_demos_assets:/rmf_demos_ws/install/rmf_charger_msgs:/rmf_demos_ws/install/rmf_building_map_msgs:/rmf_demos_ws/install/rmf_api_msgs:/rmf_demos_ws/install/pybind11_json_vendor:/rmf_demos_ws/install/nlohmann_json_schema_validator_vendor:/rmf_demos_ws/install/rmf_demos_fleet_adapter:/rmf_demos_ws/install/rmf_visualization_building_systems:/rmf_demos_ws/install/rmf_traffic_examples:/rmf_demos_ws/install/rmf_demos_bridges:/rmf_demos_ws/install/rmf_traffic_editor_assets:/rmf_demos_ws/install/rmf_demos_tasks:/rmf_demos_ws/install/rmf_demos_panel:/rmf_demos_ws/install/rmf_building_map_tools:/rmf_demos_ws/install/rmf_charging_schedule:/opt/ros/humble:/rmf_demos_ws/install/menge_vendor:/rmf_demos_ws/install/ament_cmake_catch2 /usr/bin/cmake --build /open-rmf_ws/build/turtlesim -- -j8 -l8
[7.642s] [  1%] [34m[1mGenerating C code for ROS interfaces[0m
[7.744s] [  2%] [34m[1mGenerating C++ code for ROS interfaces[0m
[7.823s] [  2%] Built target ament_cmake_python_copy_turtlesim
[9.457s] running egg_info
[9.461s] creating turtlesim.egg-info
[9.463s] writing turtlesim.egg-info/PKG-INFO
[9.464s] writing dependency_links to turtlesim.egg-info/dependency_links.txt
[9.465s] writing top-level names to turtlesim.egg-info/top_level.txt
[9.467s] writing manifest file 'turtlesim.egg-info/SOURCES.txt'
[9.476s] reading manifest file 'turtlesim.egg-info/SOURCES.txt'
[9.479s] writing manifest file 'turtlesim.egg-info/SOURCES.txt'
[9.679s] [  2%] Built target ament_cmake_python_build_turtlesim_egg
[13.636s] [  2%] Built target turtlesim__cpp
[13.779s] [  3%] [34m[1mGenerating C++ type support dispatch for ROS interfaces[0m
[13.871s] [  4%] [34m[1mGenerating C++ type support for eProsima Fast-RTPS[0m
[13.969s] [  5%] [34m[1mGenerating C++ introspection for ROS interfaces[0m
[14.447s] [  6%] [32mBuilding C object CMakeFiles/turtlesim__rosidl_generator_c.dir/rosidl_generator_c/turtlesim/msg/detail/color__functions.c.o[0m
[14.462s] [  7%] [32mBuilding C object CMakeFiles/turtlesim__rosidl_generator_c.dir/rosidl_generator_c/turtlesim/srv/detail/set_pen__functions.c.o[0m
[14.491s] [  8%] [32mBuilding C object CMakeFiles/turtlesim__rosidl_generator_c.dir/rosidl_generator_c/turtlesim/srv/detail/kill__functions.c.o[0m
[14.493s] [  9%] [32mBuilding C object CMakeFiles/turtlesim__rosidl_generator_c.dir/rosidl_generator_c/turtlesim/action/detail/rotate_absolute__functions.c.o[0m
[14.494s] [ 10%] [32mBuilding C object CMakeFiles/turtlesim__rosidl_generator_c.dir/rosidl_generator_c/turtlesim/msg/detail/pose__functions.c.o[0m
[15.071s] [ 11%] [32mBuilding C object CMakeFiles/turtlesim__rosidl_generator_c.dir/rosidl_generator_c/turtlesim/srv/detail/spawn__functions.c.o[0m
[15.075s] [ 12%] [32mBuilding C object CMakeFiles/turtlesim__rosidl_generator_c.dir/rosidl_generator_c/turtlesim/srv/detail/teleport_absolute__functions.c.o[0m
[15.128s] [ 13%] [32mBuilding C object CMakeFiles/turtlesim__rosidl_generator_c.dir/rosidl_generator_c/turtlesim/srv/detail/teleport_relative__functions.c.o[0m
[15.679s] [ 14%] [32m[1mLinking C shared library libturtlesim__rosidl_generator_c.so[0m
[16.029s] [ 14%] Built target turtlesim__rosidl_generator_c
[16.159s] [ 15%] [34m[1mGenerating C type support for eProsima Fast-RTPS[0m
[16.166s] [ 16%] [34m[1mGenerating C type support dispatch for ROS interfaces[0m
[16.166s] [ 17%] [34m[1mGenerating C introspection for ROS interfaces[0m
[18.968s] [ 18%] [32mBuilding CXX object CMakeFiles/turtlesim__rosidl_typesupport_cpp.dir/rosidl_typesupport_cpp/turtlesim/action/rotate_absolute__type_support.cpp.o[0m
[19.141s] [ 19%] [32mBuilding CXX object CMakeFiles/turtlesim__rosidl_typesupport_cpp.dir/rosidl_typesupport_cpp/turtlesim/msg/color__type_support.cpp.o[0m
[19.156s] [ 20%] [32mBuilding CXX object CMakeFiles/turtlesim__rosidl_typesupport_cpp.dir/rosidl_typesupport_cpp/turtlesim/msg/pose__type_support.cpp.o[0m
[21.589s] [ 21%] [32mBuilding CXX object CMakeFiles/turtlesim__rosidl_typesupport_introspection_cpp.dir/rosidl_typesupport_introspection_cpp/turtlesim/action/detail/rotate_absolute__type_support.cpp.o[0m
[22.714s] [ 22%] [32mBuilding CXX object CMakeFiles/turtlesim__rosidl_typesupport_c.dir/rosidl_typesupport_c/turtlesim/action/rotate_absolute__type_support.cpp.o[0m
[22.943s] [ 23%] [32mBuilding CXX object CMakeFiles/turtlesim__rosidl_typesupport_c.dir/rosidl_typesupport_c/turtlesim/msg/color__type_support.cpp.o[0m
[23.082s] [ 24%] [32mBuilding CXX object CMakeFiles/turtlesim__rosidl_typesupport_c.dir/rosidl_typesupport_c/turtlesim/msg/pose__type_support.cpp.o[0m
[23.393s] [ 25%] [32mBuilding CXX object CMakeFiles/turtlesim__rosidl_typesupport_c.dir/rosidl_typesupport_c/turtlesim/srv/kill__type_support.cpp.o[0m
[23.441s] [ 26%] [32mBuilding CXX object CMakeFiles/turtlesim__rosidl_typesupport_c.dir/rosidl_typesupport_c/turtlesim/srv/set_pen__type_support.cpp.o[0m
[23.679s] [ 27%] [32mBuilding CXX object CMakeFiles/turtlesim__rosidl_typesupport_c.dir/rosidl_typesupport_c/turtlesim/srv/spawn__type_support.cpp.o[0m
[23.943s] [ 28%] [32mBuilding CXX object CMakeFiles/turtlesim__rosidl_typesupport_c.dir/rosidl_typesupport_c/turtlesim/srv/teleport_absolute__type_support.cpp.o[0m
[24.109s] [ 29%] [32mBuilding CXX object CMakeFiles/turtlesim__rosidl_typesupport_c.dir/rosidl_typesupport_c/turtlesim/srv/teleport_relative__type_support.cpp.o[0m
[24.419s] [ 30%] [32mBuilding CXX object CMakeFiles/turtlesim__rosidl_typesupport_cpp.dir/rosidl_typesupport_cpp/turtlesim/srv/kill__type_support.cpp.o[0m
[24.457s] [ 31%] [32mBuilding CXX object CMakeFiles/turtlesim__rosidl_typesupport_cpp.dir/rosidl_typesupport_cpp/turtlesim/srv/set_pen__type_support.cpp.o[0m
[24.704s] [ 32%] [32m[1mLinking CXX shared library libturtlesim__rosidl_typesupport_c.so[0m
[24.742s] [ 33%] [32mBuilding CXX object CMakeFiles/turtlesim__rosidl_typesupport_fastrtps_cpp.dir/rosidl_typesupport_fastrtps_cpp/turtlesim/action/detail/dds_fastrtps/rotate_absolute__type_support.cpp.o[0m
[25.918s] [ 34%] [32mBuilding CXX object CMakeFiles/turtlesim__rosidl_typesupport_cpp.dir/rosidl_typesupport_cpp/turtlesim/srv/spawn__type_support.cpp.o[0m
[26.025s] [ 34%] Built target turtlesim__rosidl_typesupport_c
[26.199s] [ 35%] [32mBuilding CXX object CMakeFiles/turtlesim__rosidl_typesupport_cpp.dir/rosidl_typesupport_cpp/turtlesim/srv/teleport_absolute__type_support.cpp.o[0m
[27.632s] [ 36%] [32mBuilding CXX object CMakeFiles/turtlesim__rosidl_typesupport_cpp.dir/rosidl_typesupport_cpp/turtlesim/srv/teleport_relative__type_support.cpp.o[0m
[28.263s] [ 37%] [32mBuilding C object CMakeFiles/turtlesim__rosidl_typesupport_introspection_c.dir/rosidl_typesupport_introspection_c/turtlesim/action/detail/rotate_absolute__type_support.c.o[0m
[28.728s] [ 38%] [32mBuilding CXX object CMakeFiles/turtlesim__rosidl_typesupport_fastrtps_c.dir/rosidl_typesupport_fastrtps_c/turtlesim/action/detail/rotate_absolute__type_support_c.cpp.o[0m
[29.002s] [ 39%] [32mBuilding C object CMakeFiles/turtlesim__rosidl_typesupport_introspection_c.dir/rosidl_typesupport_introspection_c/turtlesim/msg/detail/color__type_support.c.o[0m
[29.094s] [ 40%] [32mBuilding CXX object CMakeFiles/turtlesim__rosidl_typesupport_fastrtps_c.dir/rosidl_typesupport_fastrtps_c/turtlesim/msg/detail/color__type_support_c.cpp.o[0m
[29.630s] [ 41%] [32mBuilding C object CMakeFiles/turtlesim__rosidl_typesupport_introspection_c.dir/rosidl_typesupport_introspection_c/turtlesim/msg/detail/pose__type_support.c.o[0m
[29.754s] [ 42%] [32mBuilding CXX object CMakeFiles/turtlesim__rosidl_typesupport_introspection_cpp.dir/rosidl_typesupport_introspection_cpp/turtlesim/msg/detail/color__type_support.cpp.o[0m
[30.152s] [ 43%] [32mBuilding C object CMakeFiles/turtlesim__rosidl_typesupport_introspection_c.dir/rosidl_typesupport_introspection_c/turtlesim/srv/detail/kill__type_support.c.o[0m
[30.450s] [ 44%] [32mBuilding C object CMakeFiles/turtlesim__rosidl_typesupport_introspection_c.dir/rosidl_typesupport_introspection_c/turtlesim/srv/detail/set_pen__type_support.c.o[0m
[30.880s] [ 45%] [32mBuilding C object CMakeFiles/turtlesim__rosidl_typesupport_introspection_c.dir/rosidl_typesupport_introspection_c/turtlesim/srv/detail/spawn__type_support.c.o[0m
[31.059s] [ 46%] [32mBuilding C object CMakeFiles/turtlesim__rosidl_typesupport_introspection_c.dir/rosidl_typesupport_introspection_c/turtlesim/srv/detail/teleport_absolute__type_support.c.o[0m
[31.137s] [ 47%] [32mBuilding C object CMakeFiles/turtlesim__rosidl_typesupport_introspection_c.dir/rosidl_typesupport_introspection_c/turtlesim/srv/detail/teleport_relative__type_support.c.o[0m
[31.588s] [ 48%] [32mBuilding CXX object CMakeFiles/turtlesim__rosidl_typesupport_introspection_cpp.dir/rosidl_typesupport_introspection_cpp/turtlesim/msg/detail/pose__type_support.cpp.o[0m
[31.766s] [ 49%] [32m[1mLinking C shared library libturtlesim__rosidl_typesupport_introspection_c.so[0m
[31.795s] [ 50%] [32mBuilding CXX object CMakeFiles/turtlesim__rosidl_typesupport_introspection_cpp.dir/rosidl_typesupport_introspection_cpp/turtlesim/srv/detail/kill__type_support.cpp.o[0m
[31.938s] [ 51%] [32m[1mLinking CXX shared library libturtlesim__rosidl_typesupport_cpp.so[0m
[32.417s] [ 51%] Built target turtlesim__rosidl_typesupport_introspection_c
[32.644s] [ 52%] [32mBuilding CXX object CMakeFiles/turtlesim__rosidl_typesupport_introspection_cpp.dir/rosidl_typesupport_introspection_cpp/turtlesim/srv/detail/set_pen__type_support.cpp.o[0m
[33.248s] [ 52%] Built target turtlesim__rosidl_typesupport_cpp
[33.556s] [ 53%] [34m[1mGenerating include/turtlesim/moc_turtle_frame.cpp[0m
[34.333s] [ 54%] [32mBuilding CXX object CMakeFiles/turtlesim__rosidl_typesupport_fastrtps_cpp.dir/rosidl_typesupport_fastrtps_cpp/turtlesim/msg/detail/dds_fastrtps/color__type_support.cpp.o[0m
[34.389s] [ 55%] [32mBuilding CXX object CMakeFiles/turtlesim__rosidl_typesupport_fastrtps_c.dir/rosidl_typesupport_fastrtps_c/turtlesim/msg/detail/pose__type_support_c.cpp.o[0m
[34.736s] [ 56%] [32mBuilding CXX object CMakeFiles/turtlesim__rosidl_typesupport_fastrtps_c.dir/rosidl_typesupport_fastrtps_c/turtlesim/srv/detail/kill__type_support_c.cpp.o[0m
[34.778s] [ 57%] [32mBuilding CXX object CMakeFiles/turtlesim__rosidl_typesupport_fastrtps_c.dir/rosidl_typesupport_fastrtps_c/turtlesim/srv/detail/set_pen__type_support_c.cpp.o[0m
[35.531s] [ 58%] [32mBuilding CXX object CMakeFiles/turtlesim_node.dir/src/turtlesim.cpp.o[0m
[36.543s] [ 59%] [32mBuilding CXX object CMakeFiles/turtlesim__rosidl_typesupport_introspection_cpp.dir/rosidl_typesupport_introspection_cpp/turtlesim/srv/detail/spawn__type_support.cpp.o[0m
[36.684s] [ 60%] [32mBuilding CXX object CMakeFiles/turtlesim__rosidl_typesupport_introspection_cpp.dir/rosidl_typesupport_introspection_cpp/turtlesim/srv/detail/teleport_absolute__type_support.cpp.o[0m
[39.442s] [ 61%] [32mBuilding CXX object CMakeFiles/turtlesim__rosidl_typesupport_fastrtps_cpp.dir/rosidl_typesupport_fastrtps_cpp/turtlesim/msg/detail/dds_fastrtps/pose__type_support.cpp.o[0m
[41.277s] [ 62%] [32mBuilding CXX object CMakeFiles/turtlesim__rosidl_typesupport_fastrtps_c.dir/rosidl_typesupport_fastrtps_c/turtlesim/srv/detail/spawn__type_support_c.cpp.o[0m
[41.977s] [ 63%] [32mBuilding CXX object CMakeFiles/turtlesim__rosidl_typesupport_introspection_cpp.dir/rosidl_typesupport_introspection_cpp/turtlesim/srv/detail/teleport_relative__type_support.cpp.o[0m
[43.807s] [ 64%] [32mBuilding CXX object CMakeFiles/turtlesim__rosidl_typesupport_fastrtps_cpp.dir/rosidl_typesupport_fastrtps_cpp/turtlesim/srv/detail/dds_fastrtps/set_pen__type_support.cpp.o[0m
[44.406s] [ 65%] [32mBuilding CXX object CMakeFiles/turtlesim__rosidl_typesupport_fastrtps_c.dir/rosidl_typesupport_fastrtps_c/turtlesim/srv/detail/teleport_relative__type_support_c.cpp.o[0m
[45.289s] [ 66%] [32m[1mLinking CXX shared library libturtlesim__rosidl_typesupport_introspection_cpp.so[0m
[46.235s] [ 66%] Built target turtlesim__rosidl_typesupport_introspection_cpp
[47.629s] [ 67%] [32mBuilding CXX object CMakeFiles/turtlesim__rosidl_typesupport_fastrtps_cpp.dir/rosidl_typesupport_fastrtps_cpp/turtlesim/srv/detail/dds_fastrtps/spawn__type_support.cpp.o[0m
[47.656s] [ 68%] [32mBuilding CXX object CMakeFiles/turtlesim__rosidl_typesupport_fastrtps_c.dir/rosidl_typesupport_fastrtps_c/turtlesim/srv/detail/teleport_absolute__type_support_c.cpp.o[0m
[50.224s] [ 69%] [32m[1mLinking CXX shared library libturtlesim__rosidl_typesupport_fastrtps_c.so[0m
[50.592s] [ 70%] [32mBuilding CXX object CMakeFiles/turtlesim__rosidl_typesupport_fastrtps_cpp.dir/rosidl_typesupport_fastrtps_cpp/turtlesim/srv/detail/dds_fastrtps/kill__type_support.cpp.o[0m
[50.855s] [ 70%] Built target turtlesim__rosidl_typesupport_fastrtps_c
[52.908s] [ 71%] [32mBuilding CXX object CMakeFiles/turtlesim__rosidl_typesupport_fastrtps_cpp.dir/rosidl_typesupport_fastrtps_cpp/turtlesim/srv/detail/dds_fastrtps/teleport_absolute__type_support.cpp.o[0m
[54.409s] [ 72%] [32mBuilding CXX object CMakeFiles/turtlesim__rosidl_typesupport_fastrtps_cpp.dir/rosidl_typesupport_fastrtps_cpp/turtlesim/srv/detail/dds_fastrtps/teleport_relative__type_support.cpp.o[0m
[55.949s] [ 73%] [32m[1mLinking CXX shared library libturtlesim__rosidl_typesupport_fastrtps_cpp.so[0m
[56.642s] [ 73%] Built target turtlesim__rosidl_typesupport_fastrtps_cpp
[56.848s] [ 74%] [32mBuilding CXX object CMakeFiles/draw_square.dir/tutorials/draw_square.cpp.o[0m
[56.859s] [ 75%] [32mBuilding CXX object CMakeFiles/mimic.dir/tutorials/mimic.cpp.o[0m
[63.578s] [ 76%] [32mBuilding CXX object CMakeFiles/turtlesim_node.dir/src/turtle.cpp.o[0m
[63.602s] [ 77%] [32mBuilding CXX object CMakeFiles/turtlesim_node.dir/include/turtlesim/moc_turtle_frame.cpp.o[0m
[63.606s] [ 78%] [32mBuilding CXX object CMakeFiles/turtlesim_node.dir/src/turtle_frame.cpp.o[0m
[101.325s] [ 79%] [32m[1mLinking CXX executable mimic[0m
[104.841s] [ 79%] Built target mimic
[105.983s] [ 80%] [32m[1mLinking CXX executable draw_square[0m
[109.516s] [ 80%] Built target draw_square
[127.811s] [ 81%] [32m[1mLinking CXX executable turtlesim_node[0m
[134.690s] [ 81%] Built target turtlesim_node
[134.803s] [ 81%] Built target turtlesim
[134.968s] [ 82%] [32mBuilding CXX object CMakeFiles/turtle_teleop_key.dir/tutorials/teleop_turtle_key.cpp.o[0m
[148.651s] [ 83%] [32m[1mLinking CXX executable turtle_teleop_key[0m
[149.813s] [ 83%] Built target turtle_teleop_key
[149.879s] [ 84%] [34m[1mGenerating Python code for ROS interfaces[0m
[155.884s] [ 84%] Built target turtlesim__py
[156.151s] [ 85%] [32mBuilding C object CMakeFiles/turtlesim__rosidl_generator_py.dir/rosidl_generator_py/turtlesim/action/_rotate_absolute_s.c.o[0m
[156.157s] [ 86%] [32mBuilding C object CMakeFiles/turtlesim__rosidl_generator_py.dir/rosidl_generator_py/turtlesim/msg/_color_s.c.o[0m
[156.161s] [ 87%] [32mBuilding C object CMakeFiles/turtlesim__rosidl_generator_py.dir/rosidl_generator_py/turtlesim/msg/_pose_s.c.o[0m
[157.401s] [ 88%] [32mBuilding C object CMakeFiles/turtlesim__rosidl_generator_py.dir/rosidl_generator_py/turtlesim/srv/_teleport_relative_s.c.o[0m
[157.403s] [ 89%] [32mBuilding C object CMakeFiles/turtlesim__rosidl_generator_py.dir/rosidl_generator_py/turtlesim/srv/_teleport_absolute_s.c.o[0m
[157.430s] [ 90%] [32mBuilding C object CMakeFiles/turtlesim__rosidl_generator_py.dir/rosidl_generator_py/turtlesim/srv/_spawn_s.c.o[0m
[157.788s] [ 91%] [32mBuilding C object CMakeFiles/turtlesim__rosidl_generator_py.dir/rosidl_generator_py/turtlesim/srv/_set_pen_s.c.o[0m
[158.396s] [ 92%] [32mBuilding C object CMakeFiles/turtlesim__rosidl_generator_py.dir/rosidl_generator_py/turtlesim/srv/_kill_s.c.o[0m
[159.016s] [ 93%] [32m[1mLinking C shared library rosidl_generator_py/turtlesim/libturtlesim__rosidl_generator_py.so[0m
[159.127s] [ 93%] Built target turtlesim__rosidl_generator_py
[159.309s] [ 94%] [32mBuilding C object CMakeFiles/turtlesim__rosidl_typesupport_introspection_c__pyext.dir/rosidl_generator_py/turtlesim/_turtlesim_s.ep.rosidl_typesupport_introspection_c.c.o[0m
[159.317s] [ 95%] [32mBuilding C object CMakeFiles/turtlesim__rosidl_typesupport_fastrtps_c__pyext.dir/rosidl_generator_py/turtlesim/_turtlesim_s.ep.rosidl_typesupport_fastrtps_c.c.o[0m
[160.352s] [ 96%] [32m[1mLinking C shared library rosidl_generator_py/turtlesim/turtlesim_s__rosidl_typesupport_fastrtps_c.cpython-310-x86_64-linux-gnu.so[0m
[160.371s] [ 97%] [32m[1mLinking C shared library rosidl_generator_py/turtlesim/turtlesim_s__rosidl_typesupport_introspection_c.cpython-310-x86_64-linux-gnu.so[0m
[160.662s] [ 97%] Built target turtlesim__rosidl_typesupport_fastrtps_c__pyext
[160.708s] [ 97%] Built target turtlesim__rosidl_typesupport_introspection_c__pyext
[160.842s] [ 98%] [32mBuilding C object CMakeFiles/turtlesim__rosidl_typesupport_c__pyext.dir/rosidl_generator_py/turtlesim/_turtlesim_s.ep.rosidl_typesupport_c.c.o[0m
[161.345s] [100%] [32m[1mLinking C shared library rosidl_generator_py/turtlesim/turtlesim_s__rosidl_typesupport_c.cpython-310-x86_64-linux-gnu.so[0m
[161.655s] [100%] Built target turtlesim__rosidl_typesupport_c__pyext
[161.729s] Invoked command in '/open-rmf_ws/build/turtlesim' returned '0': CMAKE_PREFIX_PATH=/rmf_demos_ws/install/rmf_workcell_msgs:/rmf_demos_ws/install/rmf_demos_gz_classic:/rmf_demos_ws/install/rmf_demos_gz:/rmf_demos_ws/install/rmf_demos:/rmf_demos_ws/install/rmf_fleet_adapter_python:/rmf_demos_ws/install/rmf_fleet_adapter:/rmf_demos_ws/install/rmf_task_ros2:/rmf_demos_ws/install/rmf_websocket:/rmf_demos_ws/install/rmf_visualization:/rmf_demos_ws/install/rmf_visualization_schedule:/rmf_demos_ws/install/rmf_visualization_rviz2_plugins:/rmf_demos_ws/install/rmf_visualization_obstacles:/rmf_demos_ws/install/rmf_visualization_navgraphs:/rmf_demos_ws/install/rmf_visualization_floorplans:/rmf_demos_ws/install/rmf_visualization_fleet_states:/rmf_demos_ws/install/rmf_visualization_msgs:/rmf_demos_ws/install/rmf_traffic_ros2:/rmf_demos_ws/install/rmf_task_sequence:/rmf_demos_ws/install/rmf_task:/rmf_demos_ws/install/rmf_battery:/rmf_demos_ws/install/rmf_traffic:/rmf_demos_ws/install/rmf_utils:/rmf_demos_ws/install/rmf_traffic_msgs:/rmf_demos_ws/install/rmf_traffic_editor_test_maps:/rmf_demos_ws/install/rmf_traffic_editor:/rmf_demos_ws/install/rmf_task_msgs:/rmf_demos_ws/install/rmf_site_map_msgs:/rmf_demos_ws/install/rmf_scheduler_msgs:/rmf_demos_ws/install/rmf_robot_sim_gz_plugins:/rmf_demos_ws/install/rmf_robot_sim_gz_classic_plugins:/rmf_demos_ws/install/rmf_robot_sim_common:/rmf_demos_ws/install/rmf_obstacle_msgs:/rmf_demos_ws/install/rmf_building_sim_gz_plugins:/rmf_demos_ws/install/rmf_building_sim_gz_classic_plugins:/rmf_demos_ws/install/rmf_building_sim_common:/rmf_demos_ws/install/rmf_lift_msgs:/rmf_demos_ws/install/rmf_ingestor_msgs:/rmf_demos_ws/install/rmf_fleet_msgs:/rmf_demos_ws/install/rmf_door_msgs:/rmf_demos_ws/install/rmf_dispenser_msgs:/rmf_demos_ws/install/rmf_demos_maps:/rmf_demos_ws/install/rmf_demos_dashboard_resources:/rmf_demos_ws/install/rmf_demos_assets:/rmf_demos_ws/install/rmf_charger_msgs:/rmf_demos_ws/install/rmf_building_map_msgs:/rmf_demos_ws/install/rmf_api_msgs:/rmf_demos_ws/install/pybind11_json_vendor:/rmf_demos_ws/install/nlohmann_json_schema_validator_vendor:/rmf_demos_ws/install/rmf_demos_fleet_adapter:/rmf_demos_ws/install/rmf_visualization_building_systems:/rmf_demos_ws/install/rmf_traffic_examples:/rmf_demos_ws/install/rmf_demos_bridges:/rmf_demos_ws/install/rmf_traffic_editor_assets:/rmf_demos_ws/install/rmf_demos_tasks:/rmf_demos_ws/install/rmf_demos_panel:/rmf_demos_ws/install/rmf_building_map_tools:/rmf_demos_ws/install/rmf_charging_schedule:/opt/ros/humble:/rmf_demos_ws/install/menge_vendor:/rmf_demos_ws/install/ament_cmake_catch2 /usr/bin/cmake --build /open-rmf_ws/build/turtlesim -- -j8 -l8
[165.081s] Invoking command in '/open-rmf_ws/build/turtlesim': CMAKE_PREFIX_PATH=/rmf_demos_ws/install/rmf_workcell_msgs:/rmf_demos_ws/install/rmf_demos_gz_classic:/rmf_demos_ws/install/rmf_demos_gz:/rmf_demos_ws/install/rmf_demos:/rmf_demos_ws/install/rmf_fleet_adapter_python:/rmf_demos_ws/install/rmf_fleet_adapter:/rmf_demos_ws/install/rmf_task_ros2:/rmf_demos_ws/install/rmf_websocket:/rmf_demos_ws/install/rmf_visualization:/rmf_demos_ws/install/rmf_visualization_schedule:/rmf_demos_ws/install/rmf_visualization_rviz2_plugins:/rmf_demos_ws/install/rmf_visualization_obstacles:/rmf_demos_ws/install/rmf_visualization_navgraphs:/rmf_demos_ws/install/rmf_visualization_floorplans:/rmf_demos_ws/install/rmf_visualization_fleet_states:/rmf_demos_ws/install/rmf_visualization_msgs:/rmf_demos_ws/install/rmf_traffic_ros2:/rmf_demos_ws/install/rmf_task_sequence:/rmf_demos_ws/install/rmf_task:/rmf_demos_ws/install/rmf_battery:/rmf_demos_ws/install/rmf_traffic:/rmf_demos_ws/install/rmf_utils:/rmf_demos_ws/install/rmf_traffic_msgs:/rmf_demos_ws/install/rmf_traffic_editor_test_maps:/rmf_demos_ws/install/rmf_traffic_editor:/rmf_demos_ws/install/rmf_task_msgs:/rmf_demos_ws/install/rmf_site_map_msgs:/rmf_demos_ws/install/rmf_scheduler_msgs:/rmf_demos_ws/install/rmf_robot_sim_gz_plugins:/rmf_demos_ws/install/rmf_robot_sim_gz_classic_plugins:/rmf_demos_ws/install/rmf_robot_sim_common:/rmf_demos_ws/install/rmf_obstacle_msgs:/rmf_demos_ws/install/rmf_building_sim_gz_plugins:/rmf_demos_ws/install/rmf_building_sim_gz_classic_plugins:/rmf_demos_ws/install/rmf_building_sim_common:/rmf_demos_ws/install/rmf_lift_msgs:/rmf_demos_ws/install/rmf_ingestor_msgs:/rmf_demos_ws/install/rmf_fleet_msgs:/rmf_demos_ws/install/rmf_door_msgs:/rmf_demos_ws/install/rmf_dispenser_msgs:/rmf_demos_ws/install/rmf_demos_maps:/rmf_demos_ws/install/rmf_demos_dashboard_resources:/rmf_demos_ws/install/rmf_demos_assets:/rmf_demos_ws/install/rmf_charger_msgs:/rmf_demos_ws/install/rmf_building_map_msgs:/rmf_demos_ws/install/rmf_api_msgs:/rmf_demos_ws/install/pybind11_json_vendor:/rmf_demos_ws/install/nlohmann_json_schema_validator_vendor:/rmf_demos_ws/install/rmf_demos_fleet_adapter:/rmf_demos_ws/install/rmf_visualization_building_systems:/rmf_demos_ws/install/rmf_traffic_examples:/rmf_demos_ws/install/rmf_demos_bridges:/rmf_demos_ws/install/rmf_traffic_editor_assets:/rmf_demos_ws/install/rmf_demos_tasks:/rmf_demos_ws/install/rmf_demos_panel:/rmf_demos_ws/install/rmf_building_map_tools:/rmf_demos_ws/install/rmf_charging_schedule:/opt/ros/humble:/rmf_demos_ws/install/menge_vendor:/rmf_demos_ws/install/ament_cmake_catch2 /usr/bin/cmake --install /open-rmf_ws/build/turtlesim
[165.162s] -- Install configuration: ""
[165.163s] -- Installing: /open-rmf_ws/install/turtlesim/share/ament_index/resource_index/rosidl_interfaces/turtlesim
[165.164s] -- Installing: /open-rmf_ws/install/turtlesim/include/turtlesim/turtlesim
[165.166s] -- Installing: /open-rmf_ws/install/turtlesim/include/turtlesim/turtlesim/srv
[165.168s] -- Installing: /open-rmf_ws/install/turtlesim/include/turtlesim/turtlesim/srv/set_pen.h
[165.169s] -- Installing: /open-rmf_ws/install/turtlesim/include/turtlesim/turtlesim/srv/kill.h
[165.171s] -- Installing: /open-rmf_ws/install/turtlesim/include/turtlesim/turtlesim/srv/detail
[165.172s] -- Installing: /open-rmf_ws/install/turtlesim/include/turtlesim/turtlesim/srv/detail/teleport_absolute__type_support.h
[165.173s] -- Installing: /open-rmf_ws/install/turtlesim/include/turtlesim/turtlesim/srv/detail/spawn__struct.h
[165.173s] -- Installing: /open-rmf_ws/install/turtlesim/include/turtlesim/turtlesim/srv/detail/kill__struct.h
[165.173s] -- Installing: /open-rmf_ws/install/turtlesim/include/turtlesim/turtlesim/srv/detail/teleport_absolute__struct.h
[165.173s] -- Installing: /open-rmf_ws/install/turtlesim/include/turtlesim/turtlesim/srv/detail/spawn__functions.c
[165.173s] -- Installing: /open-rmf_ws/install/turtlesim/include/turtlesim/turtlesim/srv/detail/set_pen__type_support.h
[165.174s] -- Installing: /open-rmf_ws/install/turtlesim/include/turtlesim/turtlesim/srv/detail/kill__functions.c
[165.174s] -- Installing: /open-rmf_ws/install/turtlesim/include/turtlesim/turtlesim/srv/detail/spawn__functions.h
[165.175s] -- Installing: /open-rmf_ws/install/turtlesim/include/turtlesim/turtlesim/srv/detail/kill__functions.h
[165.176s] -- Installing: /open-rmf_ws/install/turtlesim/include/turtlesim/turtlesim/srv/detail/set_pen__struct.h
[165.176s] -- Installing: /open-rmf_ws/install/turtlesim/include/turtlesim/turtlesim/srv/detail/set_pen__functions.c
[165.177s] -- Installing: /open-rmf_ws/install/turtlesim/include/turtlesim/turtlesim/srv/detail/set_pen__functions.h
[165.179s] -- Installing: /open-rmf_ws/install/turtlesim/include/turtlesim/turtlesim/srv/detail/teleport_absolute__functions.h
[165.181s] -- Installing: /open-rmf_ws/install/turtlesim/include/turtlesim/turtlesim/srv/detail/teleport_relative__functions.h
[165.184s] -- Installing: /open-rmf_ws/install/turtlesim/include/turtlesim/turtlesim/srv/detail/teleport_relative__type_support.h
[165.184s] -- Installing: /open-rmf_ws/install/turtlesim/include/turtlesim/turtlesim/srv/detail/spawn__type_support.h
[165.184s] -- Installing: /open-rmf_ws/install/turtlesim/include/turtlesim/turtlesim/srv/detail/kill__type_support.h
[165.185s] -- Installing: /open-rmf_ws/install/turtlesim/include/turtlesim/turtlesim/srv/detail/teleport_absolute__functions.c
[165.185s] -- Installing: /open-rmf_ws/install/turtlesim/include/turtlesim/turtlesim/srv/detail/teleport_relative__struct.h
[165.185s] -- Installing: /open-rmf_ws/install/turtlesim/include/turtlesim/turtlesim/srv/detail/teleport_relative__functions.c
[165.185s] -- Installing: /open-rmf_ws/install/turtlesim/include/turtlesim/turtlesim/srv/teleport_absolute.h
[165.185s] -- Installing: /open-rmf_ws/install/turtlesim/include/turtlesim/turtlesim/srv/teleport_relative.h
[165.186s] -- Installing: /open-rmf_ws/install/turtlesim/include/turtlesim/turtlesim/srv/spawn.h
[165.187s] -- Installing: /open-rmf_ws/install/turtlesim/include/turtlesim/turtlesim/action
[165.187s] -- Installing: /open-rmf_ws/install/turtlesim/include/turtlesim/turtlesim/action/detail
[165.189s] -- Installing: /open-rmf_ws/install/turtlesim/include/turtlesim/turtlesim/action/detail/rotate_absolute__struct.h
[165.189s] -- Installing: /open-rmf_ws/install/turtlesim/include/turtlesim/turtlesim/action/detail/rotate_absolute__functions.c
[165.191s] -- Installing: /open-rmf_ws/install/turtlesim/include/turtlesim/turtlesim/action/detail/rotate_absolute__type_support.h
[165.193s] -- Installing: /open-rmf_ws/install/turtlesim/include/turtlesim/turtlesim/action/detail/rotate_absolute__functions.h
[165.195s] -- Installing: /open-rmf_ws/install/turtlesim/include/turtlesim/turtlesim/action/rotate_absolute.h
[165.196s] -- Installing: /open-rmf_ws/install/turtlesim/include/turtlesim/turtlesim/msg
[165.196s] -- Installing: /open-rmf_ws/install/turtlesim/include/turtlesim/turtlesim/msg/detail
[165.196s] -- Installing: /open-rmf_ws/install/turtlesim/include/turtlesim/turtlesim/msg/detail/color__functions.h
[165.196s] -- Installing: /open-rmf_ws/install/turtlesim/include/turtlesim/turtlesim/msg/detail/pose__struct.h
[165.196s] -- Installing: /open-rmf_ws/install/turtlesim/include/turtlesim/turtlesim/msg/detail/pose__functions.c
[165.196s] -- Installing: /open-rmf_ws/install/turtlesim/include/turtlesim/turtlesim/msg/detail/pose__type_support.h
[165.196s] -- Installing: /open-rmf_ws/install/turtlesim/include/turtlesim/turtlesim/msg/detail/color__type_support.h
[165.197s] -- Installing: /open-rmf_ws/install/turtlesim/include/turtlesim/turtlesim/msg/detail/color__struct.h
[165.199s] -- Installing: /open-rmf_ws/install/turtlesim/include/turtlesim/turtlesim/msg/detail/color__functions.c
[165.200s] -- Installing: /open-rmf_ws/install/turtlesim/include/turtlesim/turtlesim/msg/detail/pose__functions.h
[165.201s] -- Installing: /open-rmf_ws/install/turtlesim/include/turtlesim/turtlesim/msg/pose.h
[165.203s] -- Installing: /open-rmf_ws/install/turtlesim/include/turtlesim/turtlesim/msg/rosidl_generator_c__visibility_control.h
[165.204s] -- Installing: /open-rmf_ws/install/turtlesim/include/turtlesim/turtlesim/msg/color.h
[165.205s] -- Installing: /open-rmf_ws/install/turtlesim/share/turtlesim/environment/library_path.sh
[165.207s] -- Installing: /open-rmf_ws/install/turtlesim/share/turtlesim/environment/library_path.dsv
[165.207s] -- Installing: /open-rmf_ws/install/turtlesim/lib/libturtlesim__rosidl_generator_c.so
[165.210s] -- Set runtime path of "/open-rmf_ws/install/turtlesim/lib/libturtlesim__rosidl_generator_c.so" to ""
[165.211s] -- Up-to-date: /open-rmf_ws/install/turtlesim/include/turtlesim/turtlesim
[165.213s] -- Up-to-date: /open-rmf_ws/install/turtlesim/include/turtlesim/turtlesim/srv
[165.215s] -- Up-to-date: /open-rmf_ws/install/turtlesim/include/turtlesim/turtlesim/srv/detail
[165.217s] -- Installing: /open-rmf_ws/install/turtlesim/include/turtlesim/turtlesim/srv/detail/kill__rosidl_typesupport_fastrtps_c.h
[165.218s] -- Installing: /open-rmf_ws/install/turtlesim/include/turtlesim/turtlesim/srv/detail/teleport_relative__rosidl_typesupport_fastrtps_c.h
[165.219s] -- Installing: /open-rmf_ws/install/turtlesim/include/turtlesim/turtlesim/srv/detail/teleport_absolute__rosidl_typesupport_fastrtps_c.h
[165.219s] -- Installing: /open-rmf_ws/install/turtlesim/include/turtlesim/turtlesim/srv/detail/spawn__rosidl_typesupport_fastrtps_c.h
[165.219s] -- Installing: /open-rmf_ws/install/turtlesim/include/turtlesim/turtlesim/srv/detail/set_pen__rosidl_typesupport_fastrtps_c.h
[165.219s] -- Up-to-date: /open-rmf_ws/install/turtlesim/include/turtlesim/turtlesim/action
[165.219s] -- Up-to-date: /open-rmf_ws/install/turtlesim/include/turtlesim/turtlesim/action/detail
[165.219s] -- Installing: /open-rmf_ws/install/turtlesim/include/turtlesim/turtlesim/action/detail/rotate_absolute__rosidl_typesupport_fastrtps_c.h
[165.219s] -- Up-to-date: /open-rmf_ws/install/turtlesim/include/turtlesim/turtlesim/msg
[165.219s] -- Installing: /open-rmf_ws/install/turtlesim/include/turtlesim/turtlesim/msg/rosidl_typesupport_fastrtps_c__visibility_control.h
[165.219s] -- Up-to-date: /open-rmf_ws/install/turtlesim/include/turtlesim/turtlesim/msg/detail
[165.220s] -- Installing: /open-rmf_ws/install/turtlesim/include/turtlesim/turtlesim/msg/detail/pose__rosidl_typesupport_fastrtps_c.h
[165.220s] -- Installing: /open-rmf_ws/install/turtlesim/include/turtlesim/turtlesim/msg/detail/color__rosidl_typesupport_fastrtps_c.h
[165.221s] -- Installing: /open-rmf_ws/install/turtlesim/lib/libturtlesim__rosidl_typesupport_fastrtps_c.so
[165.225s] -- Set runtime path of "/open-rmf_ws/install/turtlesim/lib/libturtlesim__rosidl_typesupport_fastrtps_c.so" to ""
[165.227s] -- Up-to-date: /open-rmf_ws/install/turtlesim/include/turtlesim/turtlesim
[165.228s] -- Up-to-date: /open-rmf_ws/install/turtlesim/include/turtlesim/turtlesim/srv
[165.230s] -- Installing: /open-rmf_ws/install/turtlesim/include/turtlesim/turtlesim/srv/spawn.hpp
[165.230s] -- Installing: /open-rmf_ws/install/turtlesim/include/turtlesim/turtlesim/srv/teleport_relative.hpp
[165.230s] -- Installing: /open-rmf_ws/install/turtlesim/include/turtlesim/turtlesim/srv/set_pen.hpp
[165.230s] -- Up-to-date: /open-rmf_ws/install/turtlesim/include/turtlesim/turtlesim/srv/detail
[165.230s] -- Installing: /open-rmf_ws/install/turtlesim/include/turtlesim/turtlesim/srv/detail/spawn__builder.hpp
[165.231s] -- Installing: /open-rmf_ws/install/turtlesim/include/turtlesim/turtlesim/srv/detail/set_pen__builder.hpp
[165.231s] -- Installing: /open-rmf_ws/install/turtlesim/include/turtlesim/turtlesim/srv/detail/teleport_relative__struct.hpp
[165.231s] -- Installing: /open-rmf_ws/install/turtlesim/include/turtlesim/turtlesim/srv/detail/kill__builder.hpp
[165.233s] -- Installing: /open-rmf_ws/install/turtlesim/include/turtlesim/turtlesim/srv/detail/set_pen__struct.hpp
[165.234s] -- Installing: /open-rmf_ws/install/turtlesim/include/turtlesim/turtlesim/srv/detail/kill__struct.hpp
[165.235s] -- Installing: /open-rmf_ws/install/turtlesim/include/turtlesim/turtlesim/srv/detail/teleport_absolute__traits.hpp
[165.237s] -- Installing: /open-rmf_ws/install/turtlesim/include/turtlesim/turtlesim/srv/detail/kill__traits.hpp
[165.238s] -- Installing: /open-rmf_ws/install/turtlesim/include/turtlesim/turtlesim/srv/detail/teleport_absolute__struct.hpp
[165.239s] -- Installing: /open-rmf_ws/install/turtlesim/include/turtlesim/turtlesim/srv/detail/spawn__struct.hpp
[165.241s] -- Installing: /open-rmf_ws/install/turtlesim/include/turtlesim/turtlesim/srv/detail/teleport_absolute__builder.hpp
[165.242s] -- Installing: /open-rmf_ws/install/turtlesim/include/turtlesim/turtlesim/srv/detail/teleport_relative__traits.hpp
[165.242s] -- Installing: /open-rmf_ws/install/turtlesim/include/turtlesim/turtlesim/srv/detail/teleport_relative__builder.hpp
[165.242s] -- Installing: /open-rmf_ws/install/turtlesim/include/turtlesim/turtlesim/srv/detail/set_pen__traits.hpp
[165.242s] -- Installing: /open-rmf_ws/install/turtlesim/include/turtlesim/turtlesim/srv/detail/spawn__traits.hpp
[165.244s] -- Installing: /open-rmf_ws/install/turtlesim/include/turtlesim/turtlesim/srv/teleport_absolute.hpp
[165.245s] -- Installing: /open-rmf_ws/install/turtlesim/include/turtlesim/turtlesim/srv/kill.hpp
[165.247s] -- Up-to-date: /open-rmf_ws/install/turtlesim/include/turtlesim/turtlesim/action
[165.248s] -- Up-to-date: /open-rmf_ws/install/turtlesim/include/turtlesim/turtlesim/action/detail
[165.250s] -- Installing: /open-rmf_ws/install/turtlesim/include/turtlesim/turtlesim/action/detail/rotate_absolute__builder.hpp
[165.252s] -- Installing: /open-rmf_ws/install/turtlesim/include/turtlesim/turtlesim/action/detail/rotate_absolute__struct.hpp
[165.253s] -- Installing: /open-rmf_ws/install/turtlesim/include/turtlesim/turtlesim/action/detail/rotate_absolute__traits.hpp
[165.253s] -- Installing: /open-rmf_ws/install/turtlesim/include/turtlesim/turtlesim/action/rotate_absolute.hpp
[165.253s] -- Up-to-date: /open-rmf_ws/install/turtlesim/include/turtlesim/turtlesim/msg
[165.253s] -- Up-to-date: /open-rmf_ws/install/turtlesim/include/turtlesim/turtlesim/msg/detail
[165.254s] -- Installing: /open-rmf_ws/install/turtlesim/include/turtlesim/turtlesim/msg/detail/pose__traits.hpp
[165.254s] -- Installing: /open-rmf_ws/install/turtlesim/include/turtlesim/turtlesim/msg/detail/color__builder.hpp
[165.256s] -- Installing: /open-rmf_ws/install/turtlesim/include/turtlesim/turtlesim/msg/detail/color__struct.hpp
[165.260s] -- Installing: /open-rmf_ws/install/turtlesim/include/turtlesim/turtlesim/msg/detail/pose__struct.hpp
[165.261s] -- Installing: /open-rmf_ws/install/turtlesim/include/turtlesim/turtlesim/msg/detail/pose__builder.hpp
[165.263s] -- Installing: /open-rmf_ws/install/turtlesim/include/turtlesim/turtlesim/msg/detail/color__traits.hpp
[165.264s] -- Installing: /open-rmf_ws/install/turtlesim/include/turtlesim/turtlesim/msg/pose.hpp
[165.264s] -- Installing: /open-rmf_ws/install/turtlesim/include/turtlesim/turtlesim/msg/color.hpp
[165.265s] -- Up-to-date: /open-rmf_ws/install/turtlesim/include/turtlesim/turtlesim
[165.265s] -- Up-to-date: /open-rmf_ws/install/turtlesim/include/turtlesim/turtlesim/srv
[165.265s] -- Up-to-date: /open-rmf_ws/install/turtlesim/include/turtlesim/turtlesim/srv/detail
[165.265s] -- Installing: /open-rmf_ws/install/turtlesim/include/turtlesim/turtlesim/srv/detail/teleport_relative__rosidl_typesupport_fastrtps_cpp.hpp
[165.266s] -- Installing: /open-rmf_ws/install/turtlesim/include/turtlesim/turtlesim/srv/detail/set_pen__rosidl_typesupport_fastrtps_cpp.hpp
[165.268s] -- Installing: /open-rmf_ws/install/turtlesim/include/turtlesim/turtlesim/srv/detail/dds_fastrtps
[165.269s] -- Installing: /open-rmf_ws/install/turtlesim/include/turtlesim/turtlesim/srv/detail/spawn__rosidl_typesupport_fastrtps_cpp.hpp
[165.271s] -- Installing: /open-rmf_ws/install/turtlesim/include/turtlesim/turtlesim/srv/detail/teleport_absolute__rosidl_typesupport_fastrtps_cpp.hpp
[165.272s] -- Installing: /open-rmf_ws/install/turtlesim/include/turtlesim/turtlesim/srv/detail/kill__rosidl_typesupport_fastrtps_cpp.hpp
[165.273s] -- Up-to-date: /open-rmf_ws/install/turtlesim/include/turtlesim/turtlesim/action
[165.275s] -- Up-to-date: /open-rmf_ws/install/turtlesim/include/turtlesim/turtlesim/action/detail
[165.276s] -- Installing: /open-rmf_ws/install/turtlesim/include/turtlesim/turtlesim/action/detail/dds_fastrtps
[165.276s] -- Installing: /open-rmf_ws/install/turtlesim/include/turtlesim/turtlesim/action/detail/rotate_absolute__rosidl_typesupport_fastrtps_cpp.hpp
[165.276s] -- Up-to-date: /open-rmf_ws/install/turtlesim/include/turtlesim/turtlesim/msg
[165.276s] -- Up-to-date: /open-rmf_ws/install/turtlesim/include/turtlesim/turtlesim/msg/detail
[165.276s] -- Installing: /open-rmf_ws/install/turtlesim/include/turtlesim/turtlesim/msg/detail/color__rosidl_typesupport_fastrtps_cpp.hpp
[165.276s] -- Installing: /open-rmf_ws/install/turtlesim/include/turtlesim/turtlesim/msg/detail/pose__rosidl_typesupport_fastrtps_cpp.hpp
[165.277s] -- Installing: /open-rmf_ws/install/turtlesim/include/turtlesim/turtlesim/msg/detail/dds_fastrtps
[165.279s] -- Installing: /open-rmf_ws/install/turtlesim/include/turtlesim/turtlesim/msg/rosidl_typesupport_fastrtps_cpp__visibility_control.h
[165.280s] -- Installing: /open-rmf_ws/install/turtlesim/lib/libturtlesim__rosidl_typesupport_fastrtps_cpp.so
[165.281s] -- Set runtime path of "/open-rmf_ws/install/turtlesim/lib/libturtlesim__rosidl_typesupport_fastrtps_cpp.so" to ""
[165.282s] -- Up-to-date: /open-rmf_ws/install/turtlesim/include/turtlesim/turtlesim
[165.283s] -- Up-to-date: /open-rmf_ws/install/turtlesim/include/turtlesim/turtlesim/srv
[165.285s] -- Up-to-date: /open-rmf_ws/install/turtlesim/include/turtlesim/turtlesim/srv/detail
[165.287s] -- Installing: /open-rmf_ws/install/turtlesim/include/turtlesim/turtlesim/srv/detail/teleport_absolute__type_support.c
[165.287s] -- Installing: /open-rmf_ws/install/turtlesim/include/turtlesim/turtlesim/srv/detail/kill__type_support.c
[165.287s] -- Installing: /open-rmf_ws/install/turtlesim/include/turtlesim/turtlesim/srv/detail/set_pen__type_support.c
[165.287s] -- Installing: /open-rmf_ws/install/turtlesim/include/turtlesim/turtlesim/srv/detail/teleport_relative__type_support.c
[165.287s] -- Installing: /open-rmf_ws/install/turtlesim/include/turtlesim/turtlesim/srv/detail/spawn__type_support.c
[165.287s] -- Installing: /open-rmf_ws/install/turtlesim/include/turtlesim/turtlesim/srv/detail/teleport_relative__rosidl_typesupport_introspection_c.h
[165.288s] -- Installing: /open-rmf_ws/install/turtlesim/include/turtlesim/turtlesim/srv/detail/set_pen__rosidl_typesupport_introspection_c.h
[165.288s] -- Installing: /open-rmf_ws/install/turtlesim/include/turtlesim/turtlesim/srv/detail/kill__rosidl_typesupport_introspection_c.h
[165.288s] -- Installing: /open-rmf_ws/install/turtlesim/include/turtlesim/turtlesim/srv/detail/teleport_absolute__rosidl_typesupport_introspection_c.h
[165.288s] -- Installing: /open-rmf_ws/install/turtlesim/include/turtlesim/turtlesim/srv/detail/spawn__rosidl_typesupport_introspection_c.h
[165.290s] -- Up-to-date: /open-rmf_ws/install/turtlesim/include/turtlesim/turtlesim/action
[165.292s] -- Up-to-date: /open-rmf_ws/install/turtlesim/include/turtlesim/turtlesim/action/detail
[165.294s] -- Installing: /open-rmf_ws/install/turtlesim/include/turtlesim/turtlesim/action/detail/rotate_absolute__type_support.c
[165.295s] -- Installing: /open-rmf_ws/install/turtlesim/include/turtlesim/turtlesim/action/detail/rotate_absolute__rosidl_typesupport_introspection_c.h
[165.296s] -- Up-to-date: /open-rmf_ws/install/turtlesim/include/turtlesim/turtlesim/msg
[165.298s] -- Installing: /open-rmf_ws/install/turtlesim/include/turtlesim/turtlesim/msg/rosidl_typesupport_introspection_c__visibility_control.h
[165.298s] -- Up-to-date: /open-rmf_ws/install/turtlesim/include/turtlesim/turtlesim/msg/detail
[165.299s] -- Installing: /open-rmf_ws/install/turtlesim/include/turtlesim/turtlesim/msg/detail/color__type_support.c
[165.299s] -- Installing: /open-rmf_ws/install/turtlesim/include/turtlesim/turtlesim/msg/detail/color__rosidl_typesupport_introspection_c.h
[165.299s] -- Installing: /open-rmf_ws/install/turtlesim/include/turtlesim/turtlesim/msg/detail/pose__type_support.c
[165.299s] -- Installing: /open-rmf_ws/install/turtlesim/include/turtlesim/turtlesim/msg/detail/pose__rosidl_typesupport_introspection_c.h
[165.299s] -- Installing: /open-rmf_ws/install/turtlesim/lib/libturtlesim__rosidl_typesupport_introspection_c.so
[165.300s] -- Set runtime path of "/open-rmf_ws/install/turtlesim/lib/libturtlesim__rosidl_typesupport_introspection_c.so" to ""
[165.300s] -- Installing: /open-rmf_ws/install/turtlesim/lib/libturtlesim__rosidl_typesupport_c.so
[165.300s] -- Set runtime path of "/open-rmf_ws/install/turtlesim/lib/libturtlesim__rosidl_typesupport_c.so" to ""
[165.300s] -- Up-to-date: /open-rmf_ws/install/turtlesim/include/turtlesim/turtlesim
[165.302s] -- Up-to-date: /open-rmf_ws/install/turtlesim/include/turtlesim/turtlesim/srv
[165.303s] -- Up-to-date: /open-rmf_ws/install/turtlesim/include/turtlesim/turtlesim/srv/detail
[165.304s] -- Installing: /open-rmf_ws/install/turtlesim/include/turtlesim/turtlesim/srv/detail/teleport_absolute__rosidl_typesupport_introspection_cpp.hpp
[165.306s] -- Installing: /open-rmf_ws/install/turtlesim/include/turtlesim/turtlesim/srv/detail/teleport_relative__rosidl_typesupport_introspection_cpp.hpp
[165.307s] -- Installing: /open-rmf_ws/install/turtlesim/include/turtlesim/turtlesim/srv/detail/set_pen__rosidl_typesupport_introspection_cpp.hpp
[165.309s] -- Installing: /open-rmf_ws/install/turtlesim/include/turtlesim/turtlesim/srv/detail/spawn__rosidl_typesupport_introspection_cpp.hpp
[165.311s] -- Installing: /open-rmf_ws/install/turtlesim/include/turtlesim/turtlesim/srv/detail/spawn__type_support.cpp
[165.311s] -- Installing: /open-rmf_ws/install/turtlesim/include/turtlesim/turtlesim/srv/detail/teleport_absolute__type_support.cpp
[165.311s] -- Installing: /open-rmf_ws/install/turtlesim/include/turtlesim/turtlesim/srv/detail/set_pen__type_support.cpp
[165.311s] -- Installing: /open-rmf_ws/install/turtlesim/include/turtlesim/turtlesim/srv/detail/kill__type_support.cpp
[165.311s] -- Installing: /open-rmf_ws/install/turtlesim/include/turtlesim/turtlesim/srv/detail/teleport_relative__type_support.cpp
[165.311s] -- Installing: /open-rmf_ws/install/turtlesim/include/turtlesim/turtlesim/srv/detail/kill__rosidl_typesupport_introspection_cpp.hpp
[165.312s] -- Up-to-date: /open-rmf_ws/install/turtlesim/include/turtlesim/turtlesim/action
[165.314s] -- Up-to-date: /open-rmf_ws/install/turtlesim/include/turtlesim/turtlesim/action/detail
[165.317s] -- Installing: /open-rmf_ws/install/turtlesim/include/turtlesim/turtlesim/action/detail/rotate_absolute__rosidl_typesupport_introspection_cpp.hpp
[165.319s] -- Installing: /open-rmf_ws/install/turtlesim/include/turtlesim/turtlesim/action/detail/rotate_absolute__type_support.cpp
[165.320s] -- Up-to-date: /open-rmf_ws/install/turtlesim/include/turtlesim/turtlesim/msg
[165.321s] -- Up-to-date: /open-rmf_ws/install/turtlesim/include/turtlesim/turtlesim/msg/detail
[165.322s] -- Installing: /open-rmf_ws/install/turtlesim/include/turtlesim/turtlesim/msg/detail/color__type_support.cpp
[165.322s] -- Installing: /open-rmf_ws/install/turtlesim/include/turtlesim/turtlesim/msg/detail/pose__rosidl_typesupport_introspection_cpp.hpp
[165.322s] -- Installing: /open-rmf_ws/install/turtlesim/include/turtlesim/turtlesim/msg/detail/color__rosidl_typesupport_introspection_cpp.hpp
[165.323s] -- Installing: /open-rmf_ws/install/turtlesim/include/turtlesim/turtlesim/msg/detail/pose__type_support.cpp
[165.323s] -- Installing: /open-rmf_ws/install/turtlesim/lib/libturtlesim__rosidl_typesupport_introspection_cpp.so
[165.323s] -- Set runtime path of "/open-rmf_ws/install/turtlesim/lib/libturtlesim__rosidl_typesupport_introspection_cpp.so" to ""
[165.323s] -- Installing: /open-rmf_ws/install/turtlesim/lib/libturtlesim__rosidl_typesupport_cpp.so
[165.325s] -- Set runtime path of "/open-rmf_ws/install/turtlesim/lib/libturtlesim__rosidl_typesupport_cpp.so" to ""
[165.329s] -- Installing: /open-rmf_ws/install/turtlesim/share/turtlesim/environment/pythonpath.sh
[165.330s] -- Installing: /open-rmf_ws/install/turtlesim/share/turtlesim/environment/pythonpath.dsv
[165.332s] -- Installing: /open-rmf_ws/install/turtlesim/local/lib/python3.10/dist-packages/turtlesim-1.4.2-py3.10.egg-info
[165.333s] -- Installing: /open-rmf_ws/install/turtlesim/local/lib/python3.10/dist-packages/turtlesim-1.4.2-py3.10.egg-info/dependency_links.txt
[165.334s] -- Installing: /open-rmf_ws/install/turtlesim/local/lib/python3.10/dist-packages/turtlesim-1.4.2-py3.10.egg-info/top_level.txt
[165.334s] -- Installing: /open-rmf_ws/install/turtlesim/local/lib/python3.10/dist-packages/turtlesim-1.4.2-py3.10.egg-info/SOURCES.txt
[165.334s] -- Installing: /open-rmf_ws/install/turtlesim/local/lib/python3.10/dist-packages/turtlesim-1.4.2-py3.10.egg-info/PKG-INFO
[165.334s] -- Installing: /open-rmf_ws/install/turtlesim/local/lib/python3.10/dist-packages/turtlesim
[165.334s] -- Installing: /open-rmf_ws/install/turtlesim/local/lib/python3.10/dist-packages/turtlesim/turtlesim_s__rosidl_typesupport_introspection_c.cpython-310-x86_64-linux-gnu.so
[165.334s] -- Installing: /open-rmf_ws/install/turtlesim/local/lib/python3.10/dist-packages/turtlesim/__init__.py
[165.336s] -- Installing: /open-rmf_ws/install/turtlesim/local/lib/python3.10/dist-packages/turtlesim/_turtlesim_s.ep.rosidl_typesupport_c.c
[165.337s] -- Installing: /open-rmf_ws/install/turtlesim/local/lib/python3.10/dist-packages/turtlesim/turtlesim_s__rosidl_typesupport_c.cpython-310-x86_64-linux-gnu.so
[165.340s] -- Installing: /open-rmf_ws/install/turtlesim/local/lib/python3.10/dist-packages/turtlesim/_turtlesim_s.ep.rosidl_typesupport_introspection_c.c
[165.343s] -- Installing: /open-rmf_ws/install/turtlesim/local/lib/python3.10/dist-packages/turtlesim/libturtlesim__rosidl_generator_py.so
[165.345s] -- Installing: /open-rmf_ws/install/turtlesim/local/lib/python3.10/dist-packages/turtlesim/_turtlesim_s.ep.rosidl_typesupport_fastrtps_c.c
[165.345s] -- Installing: /open-rmf_ws/install/turtlesim/local/lib/python3.10/dist-packages/turtlesim/turtlesim_s__rosidl_typesupport_fastrtps_c.cpython-310-x86_64-linux-gnu.so
[165.346s] -- Installing: /open-rmf_ws/install/turtlesim/local/lib/python3.10/dist-packages/turtlesim/srv
[165.346s] -- Installing: /open-rmf_ws/install/turtlesim/local/lib/python3.10/dist-packages/turtlesim/srv/_spawn_s.c
[165.348s] -- Installing: /open-rmf_ws/install/turtlesim/local/lib/python3.10/dist-packages/turtlesim/srv/__init__.py
[165.350s] -- Installing: /open-rmf_ws/install/turtlesim/local/lib/python3.10/dist-packages/turtlesim/srv/_kill_s.c
[165.353s] -- Installing: /open-rmf_ws/install/turtlesim/local/lib/python3.10/dist-packages/turtlesim/srv/_set_pen.py
[165.354s] -- Installing: /open-rmf_ws/install/turtlesim/local/lib/python3.10/dist-packages/turtlesim/srv/_kill.py
[165.355s] -- Installing: /open-rmf_ws/install/turtlesim/local/lib/python3.10/dist-packages/turtlesim/srv/_teleport_relative_s.c
[165.356s] -- Installing: /open-rmf_ws/install/turtlesim/local/lib/python3.10/dist-packages/turtlesim/srv/_teleport_absolute.py
[165.356s] -- Installing: /open-rmf_ws/install/turtlesim/local/lib/python3.10/dist-packages/turtlesim/srv/_teleport_absolute_s.c
[165.357s] -- Installing: /open-rmf_ws/install/turtlesim/local/lib/python3.10/dist-packages/turtlesim/srv/_spawn.py
[165.357s] -- Installing: /open-rmf_ws/install/turtlesim/local/lib/python3.10/dist-packages/turtlesim/srv/_set_pen_s.c
[165.357s] -- Installing: /open-rmf_ws/install/turtlesim/local/lib/python3.10/dist-packages/turtlesim/srv/_teleport_relative.py
[165.358s] -- Installing: /open-rmf_ws/install/turtlesim/local/lib/python3.10/dist-packages/turtlesim/action
[165.360s] -- Installing: /open-rmf_ws/install/turtlesim/local/lib/python3.10/dist-packages/turtlesim/action/__init__.py
[165.362s] -- Installing: /open-rmf_ws/install/turtlesim/local/lib/python3.10/dist-packages/turtlesim/action/_rotate_absolute_s.c
[165.363s] -- Installing: /open-rmf_ws/install/turtlesim/local/lib/python3.10/dist-packages/turtlesim/action/_rotate_absolute.py
[165.365s] -- Installing: /open-rmf_ws/install/turtlesim/local/lib/python3.10/dist-packages/turtlesim/msg
[165.366s] -- Installing: /open-rmf_ws/install/turtlesim/local/lib/python3.10/dist-packages/turtlesim/msg/_color.py
[165.368s] -- Installing: /open-rmf_ws/install/turtlesim/local/lib/python3.10/dist-packages/turtlesim/msg/_pose_s.c
[165.368s] -- Installing: /open-rmf_ws/install/turtlesim/local/lib/python3.10/dist-packages/turtlesim/msg/__init__.py
[165.368s] -- Installing: /open-rmf_ws/install/turtlesim/local/lib/python3.10/dist-packages/turtlesim/msg/_pose.py
[165.368s] -- Installing: /open-rmf_ws/install/turtlesim/local/lib/python3.10/dist-packages/turtlesim/msg/_color_s.c
[165.743s] Listing '/open-rmf_ws/install/turtlesim/local/lib/python3.10/dist-packages/turtlesim'...
[165.744s] Compiling '/open-rmf_ws/install/turtlesim/local/lib/python3.10/dist-packages/turtlesim/__init__.py'...
[165.745s] Listing '/open-rmf_ws/install/turtlesim/local/lib/python3.10/dist-packages/turtlesim/action'...
[165.747s] Compiling '/open-rmf_ws/install/turtlesim/local/lib/python3.10/dist-packages/turtlesim/action/__init__.py'...
[165.748s] Compiling '/open-rmf_ws/install/turtlesim/local/lib/python3.10/dist-packages/turtlesim/action/_rotate_absolute.py'...
[165.749s] Listing '/open-rmf_ws/install/turtlesim/local/lib/python3.10/dist-packages/turtlesim/msg'...
[165.749s] Compiling '/open-rmf_ws/install/turtlesim/local/lib/python3.10/dist-packages/turtlesim/msg/__init__.py'...
[165.749s] Compiling '/open-rmf_ws/install/turtlesim/local/lib/python3.10/dist-packages/turtlesim/msg/_color.py'...
[165.750s] Compiling '/open-rmf_ws/install/turtlesim/local/lib/python3.10/dist-packages/turtlesim/msg/_pose.py'...
[165.750s] Listing '/open-rmf_ws/install/turtlesim/local/lib/python3.10/dist-packages/turtlesim/srv'...
[165.750s] Compiling '/open-rmf_ws/install/turtlesim/local/lib/python3.10/dist-packages/turtlesim/srv/__init__.py'...
[165.750s] Compiling '/open-rmf_ws/install/turtlesim/local/lib/python3.10/dist-packages/turtlesim/srv/_kill.py'...
[165.750s] Compiling '/open-rmf_ws/install/turtlesim/local/lib/python3.10/dist-packages/turtlesim/srv/_set_pen.py'...
[165.750s] Compiling '/open-rmf_ws/install/turtlesim/local/lib/python3.10/dist-packages/turtlesim/srv/_spawn.py'...
[165.750s] Compiling '/open-rmf_ws/install/turtlesim/local/lib/python3.10/dist-packages/turtlesim/srv/_teleport_absolute.py'...
[165.750s] Compiling '/open-rmf_ws/install/turtlesim/local/lib/python3.10/dist-packages/turtlesim/srv/_teleport_relative.py'...
[165.771s] -- Installing: /open-rmf_ws/install/turtlesim/local/lib/python3.10/dist-packages/turtlesim/turtlesim_s__rosidl_typesupport_fastrtps_c.cpython-310-x86_64-linux-gnu.so
[165.774s] -- Set runtime path of "/open-rmf_ws/install/turtlesim/local/lib/python3.10/dist-packages/turtlesim/turtlesim_s__rosidl_typesupport_fastrtps_c.cpython-310-x86_64-linux-gnu.so" to ""
[165.775s] -- Installing: /open-rmf_ws/install/turtlesim/local/lib/python3.10/dist-packages/turtlesim/turtlesim_s__rosidl_typesupport_introspection_c.cpython-310-x86_64-linux-gnu.so
[165.781s] -- Set runtime path of "/open-rmf_ws/install/turtlesim/local/lib/python3.10/dist-packages/turtlesim/turtlesim_s__rosidl_typesupport_introspection_c.cpython-310-x86_64-linux-gnu.so" to ""
[165.783s] -- Installing: /open-rmf_ws/install/turtlesim/local/lib/python3.10/dist-packages/turtlesim/turtlesim_s__rosidl_typesupport_c.cpython-310-x86_64-linux-gnu.so
[165.786s] -- Set runtime path of "/open-rmf_ws/install/turtlesim/local/lib/python3.10/dist-packages/turtlesim/turtlesim_s__rosidl_typesupport_c.cpython-310-x86_64-linux-gnu.so" to ""
[165.786s] -- Installing: /open-rmf_ws/install/turtlesim/lib/libturtlesim__rosidl_generator_py.so
[165.789s] -- Set runtime path of "/open-rmf_ws/install/turtlesim/lib/libturtlesim__rosidl_generator_py.so" to ""
[165.791s] -- Installing: /open-rmf_ws/install/turtlesim/share/turtlesim/action/RotateAbsolute.idl
[165.794s] -- Installing: /open-rmf_ws/install/turtlesim/share/turtlesim/msg/Color.idl
[165.796s] -- Installing: /open-rmf_ws/install/turtlesim/share/turtlesim/msg/Pose.idl
[165.797s] -- Installing: /open-rmf_ws/install/turtlesim/share/turtlesim/srv/Kill.idl
[165.797s] -- Installing: /open-rmf_ws/install/turtlesim/share/turtlesim/srv/SetPen.idl
[165.797s] -- Installing: /open-rmf_ws/install/turtlesim/share/turtlesim/srv/Spawn.idl
[165.797s] -- Installing: /open-rmf_ws/install/turtlesim/share/turtlesim/srv/TeleportAbsolute.idl
[165.797s] -- Installing: /open-rmf_ws/install/turtlesim/share/turtlesim/srv/TeleportRelative.idl
[165.798s] -- Installing: /open-rmf_ws/install/turtlesim/share/turtlesim/action/RotateAbsolute.action
[165.800s] -- Installing: /open-rmf_ws/install/turtlesim/share/turtlesim/msg/Color.msg
[165.802s] -- Installing: /open-rmf_ws/install/turtlesim/share/turtlesim/msg/Pose.msg
[165.804s] -- Installing: /open-rmf_ws/install/turtlesim/share/turtlesim/srv/Kill.srv
[165.805s] -- Installing: /open-rmf_ws/install/turtlesim/share/turtlesim/srv/Kill_Request.msg
[165.807s] -- Installing: /open-rmf_ws/install/turtlesim/share/turtlesim/srv/Kill_Response.msg
[165.808s] -- Installing: /open-rmf_ws/install/turtlesim/share/turtlesim/srv/SetPen.srv
[165.808s] -- Installing: /open-rmf_ws/install/turtlesim/share/turtlesim/srv/SetPen_Request.msg
[165.809s] -- Installing: /open-rmf_ws/install/turtlesim/share/turtlesim/srv/SetPen_Response.msg
[165.809s] -- Installing: /open-rmf_ws/install/turtlesim/share/turtlesim/srv/Spawn.srv
[165.809s] -- Installing: /open-rmf_ws/install/turtlesim/share/turtlesim/srv/Spawn_Request.msg
[165.809s] -- Installing: /open-rmf_ws/install/turtlesim/share/turtlesim/srv/Spawn_Response.msg
[165.809s] -- Installing: /open-rmf_ws/install/turtlesim/share/turtlesim/srv/TeleportAbsolute.srv
[165.810s] -- Installing: /open-rmf_ws/install/turtlesim/share/turtlesim/srv/TeleportAbsolute_Request.msg
[165.810s] -- Installing: /open-rmf_ws/install/turtlesim/share/turtlesim/srv/TeleportAbsolute_Response.msg
[165.811s] -- Installing: /open-rmf_ws/install/turtlesim/share/turtlesim/srv/TeleportRelative.srv
[165.812s] -- Installing: /open-rmf_ws/install/turtlesim/share/turtlesim/srv/TeleportRelative_Request.msg
[165.814s] -- Installing: /open-rmf_ws/install/turtlesim/share/turtlesim/srv/TeleportRelative_Response.msg
[165.817s] -- Installing: /open-rmf_ws/install/turtlesim/lib/turtlesim/turtlesim_node
[165.886s] -- Set runtime path of "/open-rmf_ws/install/turtlesim/lib/turtlesim/turtlesim_node" to ""
[165.888s] -- Installing: /open-rmf_ws/install/turtlesim/lib/turtlesim/turtle_teleop_key
[165.901s] -- Set runtime path of "/open-rmf_ws/install/turtlesim/lib/turtlesim/turtle_teleop_key" to ""
[165.901s] -- Installing: /open-rmf_ws/install/turtlesim/lib/turtlesim/draw_square
[165.934s] -- Set runtime path of "/open-rmf_ws/install/turtlesim/lib/turtlesim/draw_square" to ""
[165.935s] -- Installing: /open-rmf_ws/install/turtlesim/lib/turtlesim/mimic
[165.968s] -- Set runtime path of "/open-rmf_ws/install/turtlesim/lib/turtlesim/mimic" to ""
[165.969s] -- Installing: /open-rmf_ws/install/turtlesim/share/turtlesim/images
[165.969s] -- Installing: /open-rmf_ws/install/turtlesim/share/turtlesim/images/humble.png
[165.969s] -- Installing: /open-rmf_ws/install/turtlesim/share/turtlesim/images/rolling.png
[165.969s] -- Installing: /open-rmf_ws/install/turtlesim/share/turtlesim/images/foxy.png
[165.969s] -- Installing: /open-rmf_ws/install/turtlesim/share/turtlesim/images/eloquent.png
[165.970s] -- Installing: /open-rmf_ws/install/turtlesim/share/turtlesim/images/bouncy.png
[165.970s] -- Installing: /open-rmf_ws/install/turtlesim/share/turtlesim/images/ardent.png
[165.970s] -- Installing: /open-rmf_ws/install/turtlesim/share/turtlesim/images/crystal.png
[165.970s] -- Installing: /open-rmf_ws/install/turtlesim/share/turtlesim/images/dashing.png
[165.972s] -- Installing: /open-rmf_ws/install/turtlesim/share/turtlesim/images/galactic.png
[165.973s] -- Installing: /open-rmf_ws/install/turtlesim/share/turtlesim/launch
[165.974s] -- Installing: /open-rmf_ws/install/turtlesim/share/turtlesim/launch/multisim.launch.py
[165.975s] -- Installing: /open-rmf_ws/install/turtlesim/share/ament_index/resource_index/package_run_dependencies/turtlesim
[165.977s] -- Installing: /open-rmf_ws/install/turtlesim/share/ament_index/resource_index/parent_prefix_path/turtlesim
[165.979s] -- Installing: /open-rmf_ws/install/turtlesim/share/turtlesim/environment/ament_prefix_path.sh
[165.980s] -- Installing: /open-rmf_ws/install/turtlesim/share/turtlesim/environment/ament_prefix_path.dsv
[165.981s] -- Installing: /open-rmf_ws/install/turtlesim/share/turtlesim/environment/path.sh
[165.981s] -- Installing: /open-rmf_ws/install/turtlesim/share/turtlesim/environment/path.dsv
[165.981s] -- Installing: /open-rmf_ws/install/turtlesim/share/turtlesim/local_setup.bash
[165.981s] -- Installing: /open-rmf_ws/install/turtlesim/share/turtlesim/local_setup.sh
[165.981s] -- Installing: /open-rmf_ws/install/turtlesim/share/turtlesim/local_setup.zsh
[165.982s] -- Installing: /open-rmf_ws/install/turtlesim/share/turtlesim/local_setup.dsv
[165.983s] -- Installing: /open-rmf_ws/install/turtlesim/share/turtlesim/package.dsv
[165.985s] -- Installing: /open-rmf_ws/install/turtlesim/share/ament_index/resource_index/packages/turtlesim
[165.987s] -- Installing: /open-rmf_ws/install/turtlesim/share/turtlesim/cmake/export_turtlesim__rosidl_generator_cExport.cmake
[165.989s] -- Installing: /open-rmf_ws/install/turtlesim/share/turtlesim/cmake/export_turtlesim__rosidl_generator_cExport-noconfig.cmake
[165.990s] -- Installing: /open-rmf_ws/install/turtlesim/share/turtlesim/cmake/export_turtlesim__rosidl_typesupport_fastrtps_cExport.cmake
[165.992s] -- Installing: /open-rmf_ws/install/turtlesim/share/turtlesim/cmake/export_turtlesim__rosidl_typesupport_fastrtps_cExport-noconfig.cmake
[165.992s] -- Installing: /open-rmf_ws/install/turtlesim/share/turtlesim/cmake/export_turtlesim__rosidl_generator_cppExport.cmake
[165.992s] -- Installing: /open-rmf_ws/install/turtlesim/share/turtlesim/cmake/export_turtlesim__rosidl_typesupport_fastrtps_cppExport.cmake
[165.992s] -- Installing: /open-rmf_ws/install/turtlesim/share/turtlesim/cmake/export_turtlesim__rosidl_typesupport_fastrtps_cppExport-noconfig.cmake
[165.993s] -- Installing: /open-rmf_ws/install/turtlesim/share/turtlesim/cmake/turtlesim__rosidl_typesupport_introspection_cExport.cmake
[165.993s] -- Installing: /open-rmf_ws/install/turtlesim/share/turtlesim/cmake/turtlesim__rosidl_typesupport_introspection_cExport-noconfig.cmake
[165.995s] -- Installing: /open-rmf_ws/install/turtlesim/share/turtlesim/cmake/turtlesim__rosidl_typesupport_cExport.cmake
[165.996s] -- Installing: /open-rmf_ws/install/turtlesim/share/turtlesim/cmake/turtlesim__rosidl_typesupport_cExport-noconfig.cmake
[165.999s] -- Installing: /open-rmf_ws/install/turtlesim/share/turtlesim/cmake/turtlesim__rosidl_typesupport_introspection_cppExport.cmake
[166.001s] -- Installing: /open-rmf_ws/install/turtlesim/share/turtlesim/cmake/turtlesim__rosidl_typesupport_introspection_cppExport-noconfig.cmake
[166.003s] -- Installing: /open-rmf_ws/install/turtlesim/share/turtlesim/cmake/turtlesim__rosidl_typesupport_cppExport.cmake
[166.003s] -- Installing: /open-rmf_ws/install/turtlesim/share/turtlesim/cmake/turtlesim__rosidl_typesupport_cppExport-noconfig.cmake
[166.004s] -- Installing: /open-rmf_ws/install/turtlesim/share/turtlesim/cmake/export_turtlesim__rosidl_generator_pyExport.cmake
[166.004s] -- Installing: /open-rmf_ws/install/turtlesim/share/turtlesim/cmake/export_turtlesim__rosidl_generator_pyExport-noconfig.cmake
[166.004s] -- Installing: /open-rmf_ws/install/turtlesim/share/turtlesim/cmake/rosidl_cmake-extras.cmake
[166.004s] -- Installing: /open-rmf_ws/install/turtlesim/share/turtlesim/cmake/ament_cmake_export_dependencies-extras.cmake
[166.006s] -- Installing: /open-rmf_ws/install/turtlesim/share/turtlesim/cmake/ament_cmake_export_include_directories-extras.cmake
[166.008s] -- Installing: /open-rmf_ws/install/turtlesim/share/turtlesim/cmake/ament_cmake_export_libraries-extras.cmake
[166.010s] -- Installing: /open-rmf_ws/install/turtlesim/share/turtlesim/cmake/ament_cmake_export_targets-extras.cmake
[166.012s] -- Installing: /open-rmf_ws/install/turtlesim/share/turtlesim/cmake/rosidl_cmake_export_typesupport_targets-extras.cmake
[166.014s] -- Installing: /open-rmf_ws/install/turtlesim/share/turtlesim/cmake/rosidl_cmake_export_typesupport_libraries-extras.cmake
[166.015s] -- Installing: /open-rmf_ws/install/turtlesim/share/turtlesim/cmake/turtlesimConfig.cmake
[166.015s] -- Installing: /open-rmf_ws/install/turtlesim/share/turtlesim/cmake/turtlesimConfig-version.cmake
[166.015s] -- Installing: /open-rmf_ws/install/turtlesim/share/turtlesim/package.xml
[166.037s] Invoked command in '/open-rmf_ws/build/turtlesim' returned '0': CMAKE_PREFIX_PATH=/rmf_demos_ws/install/rmf_workcell_msgs:/rmf_demos_ws/install/rmf_demos_gz_classic:/rmf_demos_ws/install/rmf_demos_gz:/rmf_demos_ws/install/rmf_demos:/rmf_demos_ws/install/rmf_fleet_adapter_python:/rmf_demos_ws/install/rmf_fleet_adapter:/rmf_demos_ws/install/rmf_task_ros2:/rmf_demos_ws/install/rmf_websocket:/rmf_demos_ws/install/rmf_visualization:/rmf_demos_ws/install/rmf_visualization_schedule:/rmf_demos_ws/install/rmf_visualization_rviz2_plugins:/rmf_demos_ws/install/rmf_visualization_obstacles:/rmf_demos_ws/install/rmf_visualization_navgraphs:/rmf_demos_ws/install/rmf_visualization_floorplans:/rmf_demos_ws/install/rmf_visualization_fleet_states:/rmf_demos_ws/install/rmf_visualization_msgs:/rmf_demos_ws/install/rmf_traffic_ros2:/rmf_demos_ws/install/rmf_task_sequence:/rmf_demos_ws/install/rmf_task:/rmf_demos_ws/install/rmf_battery:/rmf_demos_ws/install/rmf_traffic:/rmf_demos_ws/install/rmf_utils:/rmf_demos_ws/install/rmf_traffic_msgs:/rmf_demos_ws/install/rmf_traffic_editor_test_maps:/rmf_demos_ws/install/rmf_traffic_editor:/rmf_demos_ws/install/rmf_task_msgs:/rmf_demos_ws/install/rmf_site_map_msgs:/rmf_demos_ws/install/rmf_scheduler_msgs:/rmf_demos_ws/install/rmf_robot_sim_gz_plugins:/rmf_demos_ws/install/rmf_robot_sim_gz_classic_plugins:/rmf_demos_ws/install/rmf_robot_sim_common:/rmf_demos_ws/install/rmf_obstacle_msgs:/rmf_demos_ws/install/rmf_building_sim_gz_plugins:/rmf_demos_ws/install/rmf_building_sim_gz_classic_plugins:/rmf_demos_ws/install/rmf_building_sim_common:/rmf_demos_ws/install/rmf_lift_msgs:/rmf_demos_ws/install/rmf_ingestor_msgs:/rmf_demos_ws/install/rmf_fleet_msgs:/rmf_demos_ws/install/rmf_door_msgs:/rmf_demos_ws/install/rmf_dispenser_msgs:/rmf_demos_ws/install/rmf_demos_maps:/rmf_demos_ws/install/rmf_demos_dashboard_resources:/rmf_demos_ws/install/rmf_demos_assets:/rmf_demos_ws/install/rmf_charger_msgs:/rmf_demos_ws/install/rmf_building_map_msgs:/rmf_demos_ws/install/rmf_api_msgs:/rmf_demos_ws/install/pybind11_json_vendor:/rmf_demos_ws/install/nlohmann_json_schema_validator_vendor:/rmf_demos_ws/install/rmf_demos_fleet_adapter:/rmf_demos_ws/install/rmf_visualization_building_systems:/rmf_demos_ws/install/rmf_traffic_examples:/rmf_demos_ws/install/rmf_demos_bridges:/rmf_demos_ws/install/rmf_traffic_editor_assets:/rmf_demos_ws/install/rmf_demos_tasks:/rmf_demos_ws/install/rmf_demos_panel:/rmf_demos_ws/install/rmf_building_map_tools:/rmf_demos_ws/install/rmf_charging_schedule:/opt/ros/humble:/rmf_demos_ws/install/menge_vendor:/rmf_demos_ws/install/ament_cmake_catch2 /usr/bin/cmake --install /open-rmf_ws/build/turtlesim
